TN:
SF:script/DeployFundMe.s.sol
FN:9,DeployFundMe.run
FNDA:0,DeployFundMe.run
DA:10,0
DA:11,0
DA:13,0
DA:14,0
DA:15,0
DA:16,0
FNF:1
FNH:0
LF:6
LH:0
BRF:0
BRH:0
end_of_record
TN:
SF:script/HelperConfig.s.sol
FN:27,HelperConfig.getSepoliaEthConfig
FNDA:0,HelperConfig.getSepoliaEthConfig
DA:32,0
FN:37,HelperConfig.getOrCreateAnvilEthConfig
FNDA:0,HelperConfig.getOrCreateAnvilEthConfig
DA:42,0
BRDA:42,0,0,-
BRDA:42,0,1,-
DA:43,0
DA:45,0
DA:46,0
DA:50,0
DA:51,0
DA:53,0
FNF:2
FNH:0
LF:8
LH:0
BRF:2
BRH:0
end_of_record
TN:
SF:src/FundMe.sol
FN:54,FundMe.fund
FNDA:16,FundMe.fund
DA:55,16
BRDA:55,0,0,1
BRDA:55,0,1,15
DA:60,15
DA:61,15
FN:64,FundMe.withdraw
FNDA:3,FundMe.withdraw
DA:66,2
DA:67,14
DA:68,12
DA:70,12
DA:71,12
DA:73,2
DA:76,2
DA:77,2
BRDA:77,1,0,-
BRDA:77,1,1,2
FN:80,FundMe.cheaperWithdraw
FNDA:0,FundMe.cheaperWithdraw
DA:81,0
DA:84,0
DA:85,0
DA:86,0
DA:88,0
DA:89,0
DA:91,0
DA:93,0
DA:94,0
BRDA:94,2,0,-
BRDA:94,2,1,-
FN:102,FundMe.getAddressToAmountFunded
FNDA:1,FundMe.getAddressToAmountFunded
DA:105,1
FN:108,FundMe.getVersion
FNDA:0,FundMe.getVersion
DA:109,0
FN:112,FundMe.getFunder
FNDA:1,FundMe.getFunder
DA:113,1
FN:116,FundMe.getOwner
FNDA:7,FundMe.getOwner
DA:117,7
FN:120,FundMe.getPriceFeed
FNDA:1,FundMe.getPriceFeed
DA:121,1
FNF:8
FNH:6
LF:25
LH:15
BRF:6
BRH:3
end_of_record
TN:
SF:src/PriceConverter.sol
FN:7,PriceConverter.getPrice
FNDA:0,PriceConverter.getPrice
DA:10,0
DA:12,0
FN:18,PriceConverter.getConversionRate
FNDA:0,PriceConverter.getConversionRate
DA:22,0
DA:23,0
DA:25,0
FNF:2
FNH:0
LF:5
LH:0
BRF:0
BRH:0
end_of_record
TN:
SF:src/exampleContracts/FunWithStorage.sol
FN:26,FunWithStorage.doStuff
FNDA:0,FunWithStorage.doStuff
DA:27,0
DA:28,0
FNF:1
FNH:0
LF:2
LH:0
BRF:0
BRH:0
end_of_record
TN:
SF:test/MockV3Aggregator.sol
FN:29,MockV3Aggregator.updateAnswer
FNDA:0,MockV3Aggregator.updateAnswer
DA:30,0
DA:31,0
DA:32,0
DA:33,0
DA:34,0
DA:35,0
FN:38,MockV3Aggregator.updateRoundData
FNDA:0,MockV3Aggregator.updateRoundData
DA:44,0
DA:45,0
DA:46,0
DA:47,0
DA:48,0
DA:49,0
FN:52,MockV3Aggregator.getRoundData
FNDA:0,MockV3Aggregator.getRoundData
DA:65,0
FN:74,MockV3Aggregator.latestRoundData
FNDA:16,MockV3Aggregator.latestRoundData
DA:85,16
FN:94,MockV3Aggregator.description
FNDA:0,MockV3Aggregator.description
DA:95,0
FNF:5
FNH:1
LF:15
LH:1
BRF:0
BRH:0
end_of_record
