TN:
SF:script/DeployDSC.s.sol
FN:13,DeployDSC.run
FNDA:0,DeployDSC.run
DA:14,0
DA:16,0
DA:17,0
DA:18,0
DA:19,0
DA:21,0
DA:22,0
DA:23,0
DA:28,0
DA:29,0
DA:30,0
FNF:1
FNH:0
LF:11
LH:0
BRF:0
BRH:0
end_of_record
TN:
SF:script/HelperConfig.s.sol
FN:33,HelperConfig.getSepoliaEthConfig
FNDA:0,HelperConfig.getSepoliaEthConfig
DA:34,0
FN:43,HelperConfig.getOrCreateAnvilEthConfig
FNDA:0,HelperConfig.getOrCreateAnvilEthConfig
DA:45,0
BRDA:45,0,0,-
BRDA:45,0,1,-
DA:46,0
DA:49,0
DA:50,0
DA:54,0
DA:56,0
DA:60,0
DA:61,0
DA:63,0
FNF:2
FNH:0
LF:10
LH:0
BRF:2
BRH:0
end_of_record
TN:
SF:src/DSCEngine.sol
FN:135,DSCEngine.depositCollateralAndMintDsc
FNDA:23,DSCEngine.depositCollateralAndMintDsc
DA:140,23
DA:141,23
FN:150,DSCEngine.redeemCollateralForDsc
FNDA:2,DSCEngine.redeemCollateralForDsc
DA:154,1
DA:155,1
DA:156,1
FN:165,DSCEngine.redeemCollateral
FNDA:3,DSCEngine.redeemCollateral
DA:170,2
DA:171,1
FN:179,DSCEngine.burnDsc
FNDA:3,DSCEngine.burnDsc
DA:180,2
DA:181,1
FN:197,DSCEngine.liquidate
FNDA:6,DSCEngine.liquidate
DA:202,6
DA:203,6
BRDA:203,0,0,1
BRDA:203,0,1,5
DA:204,1
DA:207,5
DA:212,5
DA:215,5
DA:216,5
DA:218,5
DA:220,5
BRDA:220,1,0,1
BRDA:220,1,1,4
DA:221,1
DA:223,4
FN:233,DSCEngine.mintDsc
FNDA:3,DSCEngine.mintDsc
DA:234,25
DA:235,25
DA:236,23
DA:238,23
BRDA:238,2,0,1
BRDA:238,2,1,22
DA:239,1
FN:247,DSCEngine.depositCollateral
FNDA:12,DSCEngine.depositCollateral
DA:253,33
DA:254,33
DA:255,33
DA:256,33
BRDA:256,3,0,1
BRDA:256,3,1,32
DA:257,1
FN:264,DSCEngine._redeemCollateral
FNDA:8,DSCEngine._redeemCollateral
DA:267,8
DA:268,8
DA:269,8
DA:270,8
BRDA:270,4,0,1
BRDA:270,4,1,7
DA:271,1
FN:275,DSCEngine._burnDsc
FNDA:8,DSCEngine._burnDsc
DA:276,8
DA:278,7
DA:280,7
BRDA:280,5,0,-
BRDA:280,5,1,7
DA:281,0
DA:283,7
FN:290,DSCEngine._getAccountInformation
FNDA:54,DSCEngine._getAccountInformation
DA:295,54
DA:296,54
FN:299,DSCEngine._healthFactor
FNDA:49,DSCEngine._healthFactor
DA:300,49
DA:301,49
FN:304,DSCEngine._getUsdValue
FNDA:112,DSCEngine._getUsdValue
DA:305,112
DA:306,112
DA:311,112
FN:314,DSCEngine._calculateHealthFactor
FNDA:51,DSCEngine._calculateHealthFactor
DA:319,51
BRDA:319,6,0,7
BRDA:319,6,1,44
DA:320,44
DA:321,44
FN:324,DSCEngine.revertIfHealthFactorIsBroken
FNDA:32,DSCEngine.revertIfHealthFactorIsBroken
DA:325,32
DA:326,32
BRDA:326,7,0,2
BRDA:326,7,1,30
DA:327,2
FN:336,DSCEngine.calculateHealthFactor
FNDA:2,DSCEngine.calculateHealthFactor
DA:341,2
FN:344,DSCEngine.getAccountInformation
FNDA:5,DSCEngine.getAccountInformation
DA:349,5
FN:352,DSCEngine.getUsdValue
FNDA:7,DSCEngine.getUsdValue
DA:356,7
FN:359,DSCEngine.getCollateralBalanceOfUser
FNDA:1,DSCEngine.getCollateralBalanceOfUser
DA:360,1
FN:363,DSCEngine.getAccountCollateralValue
FNDA:1,DSCEngine.getAccountCollateralValue
DA:364,55
DA:365,105
DA:366,105
DA:367,105
DA:369,0
FN:372,DSCEngine.getTokenAmountFromUsd
FNDA:6,DSCEngine.getTokenAmountFromUsd
DA:373,11
DA:374,11
DA:379,11
FN:382,DSCEngine.getPrecision
FNDA:2,DSCEngine.getPrecision
DA:383,2
FN:386,DSCEngine.getAdditionalFeedPrecision
FNDA:2,DSCEngine.getAdditionalFeedPrecision
DA:387,2
FN:390,DSCEngine.getLiquidationThreshold
FNDA:1,DSCEngine.getLiquidationThreshold
DA:391,1
FN:394,DSCEngine.getLiquidationBonus
FNDA:2,DSCEngine.getLiquidationBonus
DA:395,2
FN:398,DSCEngine.getMinHealthFactor
FNDA:1,DSCEngine.getMinHealthFactor
DA:399,1
FN:402,DSCEngine.getCollateralTokens
FNDA:1,DSCEngine.getCollateralTokens
DA:403,1
FN:406,DSCEngine.getDsc
FNDA:1,DSCEngine.getDsc
DA:407,1
FN:410,DSCEngine.getCollateralTokenPriceFeed
FNDA:1,DSCEngine.getCollateralTokenPriceFeed
DA:411,1
FN:414,DSCEngine.getHealthFactor
FNDA:6,DSCEngine.getHealthFactor
DA:415,6
FNF:29
FNH:29
LF:74
LH:72
BRF:16
BRH:15
end_of_record
TN:
SF:src/DecentralizedStableCoin.sol
FN:48,DecentralizedStableCoin.burn
FNDA:8,DecentralizedStableCoin.burn
DA:49,8
DA:50,8
BRDA:50,0,0,1
BRDA:50,0,1,7
DA:51,1
DA:53,7
BRDA:53,1,0,1
BRDA:53,1,1,6
DA:54,1
DA:56,6
FN:59,DecentralizedStableCoin.mint
FNDA:25,DecentralizedStableCoin.mint
DA:60,25
BRDA:60,2,0,1
BRDA:60,2,1,24
DA:61,1
DA:63,24
BRDA:63,3,0,1
BRDA:63,3,1,23
DA:64,1
DA:66,23
DA:67,23
FNF:2
FNH:2
LF:12
LH:12
BRF:8
BRH:8
end_of_record
TN:
SF:src/libraries/OracleLib.sol
FN:20,OracleLib.staleCheckLatestRoundData
FNDA:125,OracleLib.staleCheckLatestRoundData
DA:25,125
DA:26,125
DA:28,125
BRDA:28,0,0,1
BRDA:28,0,1,124
DA:29,1
DA:31,124
DA:32,124
BRDA:32,1,0,1
BRDA:32,1,1,123
DA:34,123
FN:37,OracleLib.getTimeout
FNDA:1,OracleLib.getTimeout
DA:38,1
FNF:2
FNH:2
LF:8
LH:8
BRF:4
BRH:4
end_of_record
TN:
SF:test/fuzz/failOnRevert/StopOnRevertHandler.t.sol
FN:46,StopOnRevertHandler.mintAndDepositCollateral
FNDA:0,StopOnRevertHandler.mintAndDepositCollateral
DA:48,0
DA:49,0
DA:51,0
DA:52,0
DA:53,0
DA:54,0
DA:55,0
FN:58,StopOnRevertHandler.redeemCollateral
FNDA:0,StopOnRevertHandler.redeemCollateral
DA:59,0
DA:60,0
DA:62,0
DA:64,0
BRDA:64,0,0,-
BRDA:64,0,1,-
DA:65,0
DA:67,0
FN:70,StopOnRevertHandler.burnDsc
FNDA:0,StopOnRevertHandler.burnDsc
DA:72,0
DA:73,0
BRDA:73,1,0,-
BRDA:73,1,1,-
DA:74,0
DA:76,0
FN:86,StopOnRevertHandler.liquidate
FNDA:0,StopOnRevertHandler.liquidate
DA:87,0
DA:88,0
DA:89,0
BRDA:89,2,0,-
BRDA:89,2,1,-
DA:90,0
DA:92,0
DA:93,0
DA:94,0
FN:100,StopOnRevertHandler.transferDsc
FNDA:0,StopOnRevertHandler.transferDsc
DA:101,0
BRDA:101,3,0,-
BRDA:101,3,1,-
DA:102,0
DA:104,0
DA:105,0
DA:106,0
FN:112,StopOnRevertHandler.updateCollateralPrice
FNDA:0,StopOnRevertHandler.updateCollateralPrice
DA:113,0
DA:114,0
DA:115,0
DA:117,0
FN:121,StopOnRevertHandler._getCollateralFromSeed
FNDA:0,StopOnRevertHandler._getCollateralFromSeed
DA:122,0
BRDA:122,4,0,-
BRDA:122,4,1,-
DA:123,0
DA:125,0
FNF:7
FNH:0
LF:36
LH:0
BRF:10
BRH:0
end_of_record
TN:
SF:test/fuzz/failOnRevert/StopOnRevertInvariants.t.sol
FN:44,StopOnRevertInvariants.setUp
FNDA:0,StopOnRevertInvariants.setUp
DA:45,0
DA:46,0
DA:47,0
DA:48,0
DA:49,0
FN:53,StopOnRevertInvariants.invariant_protocolMustHaveMoreValueThatTotalSupplyDollars
FNDA:0,StopOnRevertInvariants.invariant_protocolMustHaveMoreValueThatTotalSupplyDollars
DA:54,0
DA:55,0
DA:56,0
DA:58,0
DA:59,0
DA:61,0
DA:62,0
DA:64,0
BRDA:64,0,0,-
BRDA:64,0,1,-
FN:67,StopOnRevertInvariants.invariant_gettersCantRevert
FNDA:0,StopOnRevertInvariants.invariant_gettersCantRevert
DA:68,0
DA:69,0
DA:70,0
DA:71,0
DA:72,0
DA:73,0
DA:74,0
DA:75,0
FNF:3
FNH:0
LF:21
LH:0
BRF:2
BRH:0
end_of_record
TN:
SF:test/mocks/MockFailedMintDSC.sol
FN:14,MockFailedMintDSC.burn
FNDA:0,MockFailedMintDSC.burn
DA:15,0
DA:16,0
BRDA:16,0,0,-
BRDA:16,0,1,-
DA:17,0
DA:19,0
BRDA:19,1,0,-
BRDA:19,1,1,-
DA:20,0
DA:22,0
FN:25,MockFailedMintDSC.mint
FNDA:0,MockFailedMintDSC.mint
DA:26,0
BRDA:26,2,0,-
BRDA:26,2,1,-
DA:27,0
DA:29,0
BRDA:29,3,0,-
BRDA:29,3,1,-
DA:30,0
DA:32,0
DA:33,0
FNF:2
FNH:0
LF:12
LH:0
BRF:8
BRH:0
end_of_record
TN:
SF:test/mocks/MockFailedTransfer.sol
FN:14,MockFailedTransfer.burn
FNDA:0,MockFailedTransfer.burn
DA:15,0
DA:16,0
BRDA:16,0,0,-
BRDA:16,0,1,-
DA:17,0
DA:19,0
BRDA:19,1,0,-
BRDA:19,1,1,-
DA:20,0
DA:22,0
FN:25,MockFailedTransfer.mint
FNDA:1,MockFailedTransfer.mint
DA:26,1
FN:29,MockFailedTransfer.transfer
FNDA:1,MockFailedTransfer.transfer
DA:30,0
FNF:3
FNH:2
LF:8
LH:1
BRF:4
BRH:0
end_of_record
TN:
SF:test/mocks/MockFailedTransferFrom.sol
FN:14,MockFailedTransferFrom.burn
FNDA:0,MockFailedTransferFrom.burn
DA:15,0
DA:16,0
BRDA:16,0,0,-
BRDA:16,0,1,-
DA:17,0
DA:19,0
BRDA:19,1,0,-
BRDA:19,1,1,-
DA:20,0
DA:22,0
FN:25,MockFailedTransferFrom.mint
FNDA:1,MockFailedTransferFrom.mint
DA:26,1
FN:29,MockFailedTransferFrom.transferFrom
FNDA:1,MockFailedTransferFrom.transferFrom
DA:35,0
FNF:3
FNH:2
LF:8
LH:1
BRF:4
BRH:0
end_of_record
TN:
SF:test/mocks/MockMoreDebtDSC.sol
FN:53,MockMoreDebtDSC.burn
FNDA:1,MockMoreDebtDSC.burn
DA:55,1
DA:56,1
DA:57,1
BRDA:57,0,0,-
BRDA:57,0,1,1
DA:58,0
DA:60,1
BRDA:60,1,0,-
BRDA:60,1,1,1
DA:61,0
DA:63,1
FN:66,MockMoreDebtDSC.mint
FNDA:2,MockMoreDebtDSC.mint
DA:67,2
BRDA:67,2,0,-
BRDA:67,2,1,2
DA:68,0
DA:70,2
BRDA:70,3,0,-
BRDA:70,3,1,2
DA:71,0
DA:73,2
DA:74,2
FNF:2
FNH:2
LF:13
LH:9
BRF:8
BRH:4
end_of_record
TN:
SF:test/mocks/MockV3Aggregator.sol
FN:29,MockV3Aggregator.updateAnswer
FNDA:7,MockV3Aggregator.updateAnswer
DA:30,7
DA:31,7
DA:32,7
DA:33,7
DA:34,7
DA:35,7
FN:38,MockV3Aggregator.updateRoundData
FNDA:1,MockV3Aggregator.updateRoundData
DA:39,1
DA:40,1
DA:41,1
DA:42,1
DA:43,1
DA:44,1
FN:47,MockV3Aggregator.getRoundData
FNDA:0,MockV3Aggregator.getRoundData
DA:52,0
FN:55,MockV3Aggregator.latestRoundData
FNDA:127,MockV3Aggregator.latestRoundData
DA:60,127
FN:69,MockV3Aggregator.description
FNDA:0,MockV3Aggregator.description
DA:70,0
FNF:5
FNH:3
LF:15
LH:13
BRF:0
BRH:0
end_of_record
